Arguments: 
  C:\Program Files\nodejs\node.exe C:\Users\eWeb_A1\AppData\Roaming\npm\node_modules\yarn\bin\yarn.js add react-native-tab-view

PATH: 
  C:\WINDOWS\system32;C:\Program Files\nodejs\;C:\Program Files\Java\jre1.8.0_131\bin;C:\WINDOWS\system32;C:\Users\eWeb_A1\AppData\Roaming\npm

Yarn version: 
  1.9.2

Node version: 
  8.11.3

Platform: 
  win32 x64

Trace: 
  Error: EPERM: operation not permitted, unlink 'E:\ReactNativeDemo\PickupApp\node_modules\@babel\highlight\node_modules\js-tokens'

npm manifest: 
  {
    "name": "PickupApp",
    "version": "0.1.0",
    "private": true,
    "devDependencies": {
      "babel-preset-react-native-stage-0": "^1.0.1",
      "jest": "^23.4.1",
      "jest-react-native": "^18.0.0",
      "react-test-renderer": "16.3.1"
    },
    "scripts": {
      "start": "react-native start",
      "android": "react-native run-android",
      "ios": "react-native run-ios",
      "test": "jest"
    },
    "jest": {
      "preset": "react-native"
    },
    "dependencies": {
      "react": "16.3.1",
      "react-native": "~0.55.2",
      "react-native-material-tabs": "^3.6.0",
      "react-navigation": "^2.9.2"
    }
  }

yarn manifest: 
  No manifest

Lockfile: 
  No lockfile
